[debug] [2022-01-27T23:40:45.122Z] ----------------------------------------------------------------------
[debug] [2022-01-27T23:40:45.129Z] Command:       C:\Program Files\nodejs\node.exe C:\Users\People\AppData\Roaming\npm\node_modules\firebase-tools\lib\bin\firebase.js deploy --project rhesa-1febf
[debug] [2022-01-27T23:40:45.131Z] CLI Version:   10.1.2
[debug] [2022-01-27T23:40:45.131Z] Platform:      win32
[debug] [2022-01-27T23:40:45.131Z] Node Version:  v16.13.0
[debug] [2022-01-27T23:40:45.134Z] Time:          Fri Jan 28 2022 06:40:45 GMT+0700 (Western Indonesia Time)
[debug] [2022-01-27T23:40:45.135Z] ----------------------------------------------------------------------
[debug] 
[debug] [2022-01-27T23:40:45.310Z] > command requires scopes: ["email","openid","https://www.googleapis.com/auth/cloudplatformprojects.readonly","https://www.googleapis.com/auth/firebase","https://www.googleapis.com/auth/cloud-platform"]
[debug] [2022-01-27T23:40:45.311Z] > authorizing via signed-in user (rhesadav48@gmail.com)
[debug] [2022-01-27T23:40:45.311Z] [iam] checking project rhesa-1febf for permissions ["firebase.projects.get","firebasehosting.sites.update"]
[debug] [2022-01-27T23:40:45.316Z] > refreshing access token with scopes: ["email","https://www.googleapis.com/auth/cloud-platform","https://www.googleapis.com/auth/cloudplatformprojects.readonly","https://www.googleapis.com/auth/firebase","openid"]
[debug] [2022-01-27T23:40:45.318Z] >>> HTTP REQUEST POST https://www.googleapis.com/oauth2/v3/token  
 <request body omitted>
[debug] [2022-01-27T23:40:45.646Z] <<< HTTP RESPONSE 200 {"expires":"Mon, 01 Jan 1990 00:00:00 GMT","date":"Thu, 27 Jan 2022 23:40:46 GMT","cache-control":"no-cache, no-store, max-age=0, must-revalidate","pragma":"no-cache","content-type":"application/json; charset=utf-8","vary":"X-Origin, Referer, Origin,Accept-Encoding","server":"scaffolding on HTTPServer2","x-xss-protection":"0","x-frame-options":"SAMEORIGIN","x-content-type-options":"nosniff","alt-svc":"h3=\":443\"; ma=2592000,h3-29=\":443\"; ma=2592000,h3-Q050=\":443\"; ma=2592000,h3-Q046=\":443\"; ma=2592000,h3-Q043=\":443\"; ma=2592000,quic=\":443\"; ma=2592000; v=\"46,43\"","accept-ranges":"none","transfer-encoding":"chunked"}
[debug] [2022-01-27T23:40:45.927Z] >>> HTTP REQUEST POST https://cloudresourcemanager.googleapis.com/v1/projects/rhesa-1febf:testIamPermissions  
 {"permissions":["firebase.projects.get","firebasehosting.sites.update"]}
[debug] [2022-01-27T23:40:47.258Z] <<< HTTP RESPONSE 200 {"content-type":"application/json; charset=UTF-8","vary":"X-Origin, Referer, Origin,Accept-Encoding","date":"Thu, 27 Jan 2022 23:40:47 GMT","server":"ESF","cache-control":"private","x-xss-protection":"0","x-frame-options":"SAMEORIGIN","x-content-type-options":"nosniff","server-timing":"gfet4t7; dur=1063","alt-svc":"h3=\":443\"; ma=2592000,h3-29=\":443\"; ma=2592000,h3-Q050=\":443\"; ma=2592000,h3-Q046=\":443\"; ma=2592000,h3-Q043=\":443\"; ma=2592000,quic=\":443\"; ma=2592000; v=\"46,43\"","accept-ranges":"none","transfer-encoding":"chunked"}
[debug] [2022-01-27T23:40:47.259Z] [iam] error while checking permissions, command may fail: FirebaseError: Authorization failed. This account is missing the following required permissions on project rhesa-1febf:

  firebase.projects.get
  firebasehosting.sites.update
[debug] [2022-01-27T23:40:47.261Z] > refreshing access token with scopes: []
[debug] [2022-01-27T23:40:47.262Z] >>> HTTP REQUEST POST https://www.googleapis.com/oauth2/v3/token  
 <request body omitted>
[debug] [2022-01-27T23:40:47.513Z] <<< HTTP RESPONSE 200 {"cache-control":"no-cache, no-store, max-age=0, must-revalidate","date":"Thu, 27 Jan 2022 23:40:48 GMT","pragma":"no-cache","expires":"Mon, 01 Jan 1990 00:00:00 GMT","content-type":"application/json; charset=utf-8","vary":"X-Origin, Referer, Origin,Accept-Encoding","server":"scaffolding on HTTPServer2","x-xss-protection":"0","x-frame-options":"SAMEORIGIN","x-content-type-options":"nosniff","alt-svc":"h3=\":443\"; ma=2592000,h3-29=\":443\"; ma=2592000,h3-Q050=\":443\"; ma=2592000,h3-Q046=\":443\"; ma=2592000,h3-Q043=\":443\"; ma=2592000,quic=\":443\"; ma=2592000; v=\"46,43\"","accept-ranges":"none","transfer-encoding":"chunked"}
[debug] [2022-01-27T23:40:47.756Z] >>> [apiv2][query] GET https://firebase.googleapis.com/v1beta1/projects/rhesa-1febf [none]
[debug] [2022-01-27T23:40:49.222Z] <<< [apiv2][status] GET https://firebase.googleapis.com/v1beta1/projects/rhesa-1febf 403
[debug] [2022-01-27T23:40:49.222Z] <<< [apiv2][body] GET https://firebase.googleapis.com/v1beta1/projects/rhesa-1febf {"error":{"code":403,"message":"The caller does not have permission","status":"PERMISSION_DENIED"}}
[debug] [2022-01-27T23:40:49.223Z] HTTP Error: 403, The caller does not have permission
[debug] [2022-01-27T23:40:49.540Z] FirebaseError: HTTP Error: 403, The caller does not have permission
    at module.exports (C:\Users\People\AppData\Roaming\npm\node_modules\firebase-tools\lib\responseToError.js:38:12)
    at Client.doRequest (C:\Users\People\AppData\Roaming\npm\node_modules\firebase-tools\lib\apiv2.js:241:23)
    at processTicksAndRejections (node:internal/process/task_queues:96:5)
    at async Client.request (C:\Users\People\AppData\Roaming\npm\node_modules\firebase-tools\lib\apiv2.js:96:20)
    at async getFirebaseProject (C:\Users\People\AppData\Roaming\npm\node_modules\firebase-tools\lib\management\projects.js:290:21)
    at async getDefaultHostingSite (C:\Users\People\AppData\Roaming\npm\node_modules\firebase-tools\lib\getDefaultHostingSite.js:8:21)
    at async requireHostingSite (C:\Users\People\AppData\Roaming\npm\node_modules\firebase-tools\lib\requireHostingSite.js:9:18)
    at async Object.fn (C:\Users\People\AppData\Roaming\npm\node_modules\firebase-tools\lib\commands\deploy.js:73:9)
    at async C:\Users\People\AppData\Roaming\npm\node_modules\firebase-tools\lib\command.js:188:17
[error] 
[error] Error: Failed to get Firebase project rhesa-1febf. Please make sure the project exists and your account has permission to access it.
